Found 2 samples in dataset/Spike-Stero/train
N=81
dataset_idx=0, idx=0, prev_dataset_idx=-1
hello
sequence_idx=1
dataset_idx=0, idx=1, prev_dataset_idx=0
sequence_idx=2
dataset_idx=0, idx=2, prev_dataset_idx=0
233
sequence_idx=3
dataset_idx=0, idx=3, prev_dataset_idx=0
233
sequence_idx=4
dataset_idx=0, idx=4, prev_dataset_idx=0
233
sequence_idx=5
dataset_idx=0, idx=5, prev_dataset_idx=0
233
sequence_idx=6
dataset_idx=0, idx=6, prev_dataset_idx=0
233
sequence_idx=7
dataset_idx=0, idx=7, prev_dataset_idx=0
233
sequence_idx=8
dataset_idx=0, idx=8, prev_dataset_idx=0
233
sequence_idx=9
dataset_idx=0, idx=9, prev_dataset_idx=0
233
sequence_idx=10
dataset_idx=0, idx=10, prev_dataset_idx=0
233
sequence_idx=11
dataset_idx=0, idx=11, prev_dataset_idx=0
233
sequence_idx=12
dataset_idx=0, idx=12, prev_dataset_idx=0
233
sequence_idx=13
dataset_idx=0, idx=13, prev_dataset_idx=0
233
sequence_idx=14
dataset_idx=0, idx=14, prev_dataset_idx=0
233
sequence_idx=15
dataset_idx=0, idx=15, prev_dataset_idx=0
233
sequence_idx=16
dataset_idx=0, idx=16, prev_dataset_idx=0
233
sequence_idx=17
dataset_idx=0, idx=17, prev_dataset_idx=0
233
sequence_idx=18
dataset_idx=0, idx=18, prev_dataset_idx=0
233
sequence_idx=19
dataset_idx=0, idx=19, prev_dataset_idx=0
233
sequence_idx=20
dataset_idx=0, idx=20, prev_dataset_idx=0
233
sequence_idx=21
dataset_idx=0, idx=21, prev_dataset_idx=0
test preview of index  21
233
sequence_idx=22
dataset_idx=0, idx=22, prev_dataset_idx=0
test preview of index  22
233
sequence_idx=23
dataset_idx=0, idx=23, prev_dataset_idx=0
test preview of index  23
233
sequence_idx=24
dataset_idx=0, idx=24, prev_dataset_idx=0
233
sequence_idx=25
dataset_idx=0, idx=25, prev_dataset_idx=0
233
sequence_idx=26
dataset_idx=0, idx=26, prev_dataset_idx=0
233
sequence_idx=27
dataset_idx=0, idx=27, prev_dataset_idx=0
233
sequence_idx=28
dataset_idx=0, idx=28, prev_dataset_idx=0
233
sequence_idx=29
dataset_idx=0, idx=29, prev_dataset_idx=0
233
sequence_idx=30
dataset_idx=0, idx=30, prev_dataset_idx=0
233
sequence_idx=31
dataset_idx=0, idx=31, prev_dataset_idx=0
233
sequence_idx=32
dataset_idx=0, idx=32, prev_dataset_idx=0
233
sequence_idx=33
dataset_idx=0, idx=33, prev_dataset_idx=0
233
sequence_idx=34
dataset_idx=0, idx=34, prev_dataset_idx=0
233
sequence_idx=35
dataset_idx=0, idx=35, prev_dataset_idx=0
233
sequence_idx=36
dataset_idx=0, idx=36, prev_dataset_idx=0
233
sequence_idx=37
dataset_idx=0, idx=37, prev_dataset_idx=0
233
sequence_idx=38
dataset_idx=0, idx=38, prev_dataset_idx=0
233
sequence_idx=39
dataset_idx=0, idx=39, prev_dataset_idx=0
233
sequence_idx=40
dataset_idx=0, idx=40, prev_dataset_idx=0
233
sequence_idx=41
dataset_idx=0, idx=41, prev_dataset_idx=0
233
sequence_idx=42
dataset_idx=1, idx=42, prev_dataset_idx=0
hello
sequence_idx=1
dataset_idx=1, idx=43, prev_dataset_idx=1
sequence_idx=2
dataset_idx=1, idx=44, prev_dataset_idx=1
233
sequence_idx=3
dataset_idx=1, idx=45, prev_dataset_idx=1
233
sequence_idx=4
dataset_idx=1, idx=46, prev_dataset_idx=1
233
sequence_idx=5
dataset_idx=1, idx=47, prev_dataset_idx=1
233
sequence_idx=6
dataset_idx=1, idx=48, prev_dataset_idx=1
233
sequence_idx=7
dataset_idx=1, idx=49, prev_dataset_idx=1
233
sequence_idx=8
dataset_idx=1, idx=50, prev_dataset_idx=1
233
sequence_idx=9
dataset_idx=1, idx=51, prev_dataset_idx=1
233
sequence_idx=10
dataset_idx=1, idx=52, prev_dataset_idx=1
233
sequence_idx=11
dataset_idx=1, idx=53, prev_dataset_idx=1
233
sequence_idx=12
dataset_idx=1, idx=54, prev_dataset_idx=1
233
sequence_idx=13
dataset_idx=1, idx=55, prev_dataset_idx=1
233
sequence_idx=14
dataset_idx=1, idx=56, prev_dataset_idx=1
233
sequence_idx=15
dataset_idx=1, idx=57, prev_dataset_idx=1
233
sequence_idx=16
dataset_idx=1, idx=58, prev_dataset_idx=1
233
sequence_idx=17
dataset_idx=1, idx=59, prev_dataset_idx=1
233
sequence_idx=18
dataset_idx=1, idx=60, prev_dataset_idx=1
233
sequence_idx=19
dataset_idx=1, idx=61, prev_dataset_idx=1
233
sequence_idx=20
dataset_idx=1, idx=62, prev_dataset_idx=1
233
sequence_idx=21
dataset_idx=1, idx=63, prev_dataset_idx=1
233
sequence_idx=22
dataset_idx=1, idx=64, prev_dataset_idx=1
233
sequence_idx=23
dataset_idx=1, idx=65, prev_dataset_idx=1
233
sequence_idx=24
dataset_idx=1, idx=66, prev_dataset_idx=1
233
sequence_idx=25
dataset_idx=1, idx=67, prev_dataset_idx=1
233
sequence_idx=26
dataset_idx=1, idx=68, prev_dataset_idx=1
233
sequence_idx=27
dataset_idx=1, idx=69, prev_dataset_idx=1
233
sequence_idx=28
dataset_idx=1, idx=70, prev_dataset_idx=1
233
sequence_idx=29
dataset_idx=1, idx=71, prev_dataset_idx=1
233
sequence_idx=30
dataset_idx=1, idx=72, prev_dataset_idx=1
233
sequence_idx=31
dataset_idx=1, idx=73, prev_dataset_idx=1
233
sequence_idx=32
dataset_idx=1, idx=74, prev_dataset_idx=1
233
sequence_idx=33
dataset_idx=1, idx=75, prev_dataset_idx=1
233
sequence_idx=34
dataset_idx=1, idx=76, prev_dataset_idx=1
233
sequence_idx=35
dataset_idx=1, idx=77, prev_dataset_idx=1
233
sequence_idx=36
dataset_idx=1, idx=78, prev_dataset_idx=1
233
sequence_idx=37
dataset_idx=1, idx=79, prev_dataset_idx=1
233
sequence_idx=38
dataset_idx=1, idx=80, prev_dataset_idx=1
233
sequence_idx=39
